# JRE version: OpenJDK Runtime Environment (8.0_232-b09) (build 1.8.0_232-8u232-b09-0ubuntu1~19.04.1-b09)
# Java VM: OpenJDK 64-Bit Server VM (25.232-b09 mixed mode linux-amd64 compressed oops)
Heap:
 PSYoungGen      total 355328K, used 0K [0x00000000e0000000, 0x0000000100000000, 0x0000000100000000)
  eden space 186368K, 0% used [0x00000000e0000000,0x00000000e0000000,0x00000000eb600000)
  from space 168960K, 0% used [0x00000000eb600000,0x00000000eb600000,0x00000000f5b00000)
  to   space 159744K, 0% used [0x00000000f6400000,0x00000000f6400000,0x0000000100000000)
 ParOldGen       total 390144K, used 365251K [0x00000000a0000000, 0x00000000b7d00000, 0x00000000e0000000)
  object space 390144K, 93% used [0x00000000a0000000,0x00000000b64b0cf8,0x00000000b7d00000)
 Metaspace       used 139776K, capacity 148155K, committed 148372K, reserved 1177600K
  class space    used 18466K, capacity 20329K, committed 20412K, reserved 1048576K
GC Heap History (10 events):
Event: 115.096 GC heap after
Heap after GC invocations=27 (full 6):
 PSYoungGen      total 381440K, used 0K [0x00000000e0000000, 0x0000000100000000, 0x0000000100000000)
  eden space 321536K, 0% used [0x00000000e0000000,0x00000000e0000000,0x00000000f3a00000)
  from space 59904K, 0% used [0x00000000f3a00000,0x00000000f3a00000,0x00000000f7480000)
  to   space 103424K, 0% used [0x00000000f9b00000,0x00000000f9b00000,0x0000000100000000)
 ParOldGen       total 390144K, used 249630K [0x00000000a0000000, 0x00000000b7d00000, 0x00000000e0000000)
  object space 390144K, 63% used [0x00000000a0000000,0x00000000af3c78e8,0x00000000b7d00000)
 Metaspace       used 129948K, capacity 137401K, committed 137620K, reserved 1167360K
  class space    used 17080K, capacity 18842K, committed 18876K, reserved 1048576K
}
Event: 116.446 GC heap before
{Heap before GC invocations=28 (full 6):
 PSYoungGen      total 381440K, used 321536K [0x00000000e0000000, 0x0000000100000000, 0x0000000100000000)
  eden space 321536K, 100% used [0x00000000e0000000,0x00000000f3a00000,0x00000000f3a00000)
  from space 59904K, 0% used [0x00000000f3a00000,0x00000000f3a00000,0x00000000f7480000)
  to   space 103424K, 0% used [0x00000000f9b00000,0x00000000f9b00000,0x0000000100000000)
 ParOldGen       total 390144K, used 249630K [0x00000000a0000000, 0x00000000b7d00000, 0x00000000e0000000)
  object space 390144K, 63% used [0x00000000a0000000,0x00000000af3c78e8,0x00000000b7d00000)
 Metaspace       used 132999K, capacity 140725K, committed 140820K, reserved 1171456K
  class space    used 17487K, capacity 19256K, committed 19260K, reserved 1048576K
Event: 116.517 GC heap after
Heap after GC invocations=28 (full 6):
 PSYoungGen      total 400384K, used 83816K [0x00000000e0000000, 0x0000000100000000, 0x0000000100000000)
  eden space 296960K, 0% used [0x00000000e0000000,0x00000000e0000000,0x00000000f2200000)
  from space 103424K, 81% used [0x00000000f9b00000,0x00000000fecda1e0,0x0000000100000000)
  to   space 113664K, 0% used [0x00000000f2200000,0x00000000f2200000,0x00000000f9100000)
 ParOldGen       total 390144K, used 249638K [0x00000000a0000000, 0x00000000b7d00000, 0x00000000e0000000)
  object space 390144K, 63% used [0x00000000a0000000,0x00000000af3c98e8,0x00000000b7d00000)
 Metaspace       used 132999K, capacity 140725K, committed 140820K, reserved 1171456K
  class space    used 17487K, capacity 19256K, committed 19260K, reserved 1048576K
}
Event: 118.199 GC heap before
{Heap before GC invocations=29 (full 6):
 PSYoungGen      total 400384K, used 380776K [0x00000000e0000000, 0x0000000100000000, 0x0000000100000000)
  eden space 296960K, 100% used [0x00000000e0000000,0x00000000f2200000,0x00000000f2200000)
  from space 103424K, 81% used [0x00000000f9b00000,0x00000000fecda1e0,0x0000000100000000)
  to   space 113664K, 0% used [0x00000000f2200000,0x00000000f2200000,0x00000000f9100000)
 ParOldGen       total 390144K, used 249638K [0x00000000a0000000, 0x00000000b7d00000, 0x00000000e0000000)
  object space 390144K, 63% used [0x00000000a0000000,0x00000000af3c98e8,0x00000000b7d00000)
 Metaspace       used 134066K, capacity 141831K, committed 142100K, reserved 1171456K
  class space    used 17672K, capacity 19463K, committed 19516K, reserved 1048576K
Event: 118.377 GC heap after
Heap after GC invocations=29 (full 6):
 PSYoungGen      total 410624K, used 113643K [0x00000000e0000000, 0x0000000100000000, 0x0000000100000000)
  eden space 296960K, 0% used [0x00000000e0000000,0x00000000e0000000,0x00000000f2200000)
  from space 113664K, 99% used [0x00000000f2200000,0x00000000f90facb8,0x00000000f9100000)
  to   space 113664K, 0% used [0x00000000f9100000,0x00000000f9100000,0x0000000100000000)
 ParOldGen       total 390144K, used 262195K [0x00000000a0000000, 0x00000000b7d00000, 0x00000000e0000000)
  object space 390144K, 67% used [0x00000000a0000000,0x00000000b000cdb0,0x00000000b7d00000)
 Metaspace       used 134066K, capacity 141831K, committed 142100K, reserved 1171456K
  class space    used 17672K, capacity 19463K, committed 19516K, reserved 1048576K
}
Event: 121.369 GC heap before
{Heap before GC invocations=30 (full 6):
 PSYoungGen      total 410624K, used 410603K [0x00000000e0000000, 0x0000000100000000, 0x0000000100000000)
  eden space 296960K, 100% used [0x00000000e0000000,0x00000000f2200000,0x00000000f2200000)
  from space 113664K, 99% used [0x00000000f2200000,0x00000000f90facb8,0x00000000f9100000)
  to   space 113664K, 0% used [0x00000000f9100000,0x00000000f9100000,0x0000000100000000)
 ParOldGen       total 390144K, used 262195K [0x00000000a0000000, 0x00000000b7d00000, 0x00000000e0000000)
  object space 390144K, 67% used [0x00000000a0000000,0x00000000b000cdb0,0x00000000b7d00000)
 Metaspace       used 135415K, capacity 143339K, committed 143508K, reserved 1173504K
  class space    used 17800K, capacity 19603K, committed 19644K, reserved 1048576K
Event: 121.546 GC heap after
Heap after GC invocations=30 (full 6):
 PSYoungGen      total 300032K, used 113647K [0x00000000e0000000, 0x0000000100000000, 0x0000000100000000)
  eden space 186368K, 0% used [0x00000000e0000000,0x00000000e0000000,0x00000000eb600000)
  from space 113664K, 99% used [0x00000000f9100000,0x00000000ffffbef0,0x0000000100000000)
  to   space 168960K, 0% used [0x00000000eb600000,0x00000000eb600000,0x00000000f5b00000)
 ParOldGen       total 390144K, used 307971K [0x00000000a0000000, 0x00000000b7d00000, 0x00000000e0000000)
  object space 390144K, 78% used [0x00000000a0000000,0x00000000b2cc0d20,0x00000000b7d00000)
 Metaspace       used 135415K, capacity 143339K, committed 143508K, reserved 1173504K
  class space    used 17800K, capacity 19603K, committed 19644K, reserved 1048576K
}
Event: 124.187 GC heap before
{Heap before GC invocations=31 (full 6):
 PSYoungGen      total 300032K, used 300015K [0x00000000e0000000, 0x0000000100000000, 0x0000000100000000)
  eden space 186368K, 100% used [0x00000000e0000000,0x00000000eb600000,0x00000000eb600000)
  from space 113664K, 99% used [0x00000000f9100000,0x00000000ffffbef0,0x0000000100000000)
  to   space 168960K, 0% used [0x00000000eb600000,0x00000000eb600000,0x00000000f5b00000)
 ParOldGen       total 390144K, used 307971K [0x00000000a0000000, 0x00000000b7d00000, 0x00000000e0000000)
  object space 390144K, 78% used [0x00000000a0000000,0x00000000b2cc0d20,0x00000000b7d00000)
 Metaspace       used 139806K, capacity 148243K, committed 148372K, reserved 1177600K
  class space    used 18476K, capacity 20347K, committed 20412K, reserved 1048576K
Event: 124.445 GC heap after
Heap after GC invocations=31 (full 6):
 PSYoungGen      total 355328K, used 52454K [0x00000000e0000000, 0x0000000100000000, 0x0000000100000000)
  eden space 186368K, 0% used [0x00000000e0000000,0x00000000e0000000,0x00000000eb600000)
  from space 168960K, 31% used [0x00000000eb600000,0x00000000ee939848,0x00000000f5b00000)
  to   space 159744K, 0% used [0x00000000f6400000,0x00000000f6400000,0x0000000100000000)
 ParOldGen       total 390144K, used 379125K [0x00000000a0000000, 0x00000000b7d00000, 0x00000000e0000000)
  object space 390144K, 97% used [0x00000000a0000000,0x00000000b723d628,0x00000000b7d00000)
 Metaspace       used 139806K, capacity 148243K, committed 148372K, reserved 1177600K
  class space    used 18476K, capacity 20347K, committed 20412K, reserved 1048576K
}
Event: 124.533 GC heap before
{Heap before GC invocations=32 (full 7):
 PSYoungGen      total 355328K, used 52454K [0x00000000e0000000, 0x0000000100000000, 0x0000000100000000)
  eden space 186368K, 0% used [0x00000000e0000000,0x00000000e0000000,0x00000000eb600000)
  from space 168960K, 31% used [0x00000000eb600000,0x00000000ee939848,0x00000000f5b00000)
  to   space 159744K, 0% used [0x00000000f6400000,0x00000000f6400000,0x0000000100000000)
 ParOldGen       total 390144K, used 379125K [0x00000000a0000000, 0x00000000b7d00000, 0x00000000e0000000)
  object space 390144K, 97% used [0x00000000a0000000,0x00000000b723d628,0x00000000b7d00000)
 Metaspace       used 139806K, capacity 148243K, committed 148372K, reserved 1177600K
  class space    used 18476K, capacity 20347K, committed 20412K, reserved 1048576K

